Info: Starting: Create simulation model
Info: qsys-generate C:\intelFPGA\18.1\CHAMBELLON_Lab1\Chenillard_sys.qsys --simulation=VHDL --allow-mixed-language-simulation --output-directory=C:\intelFPGA\18.1\CHAMBELLON_Lab1\Chenillard_sys\simulation --family="MAX 10" --part=10M50DAF484C7G
Progress: Loading CHAMBELLON_Lab1/Chenillard_sys.qsys
Progress: Reading input file
Progress: Adding LEDs [altera_avalon_pio 18.1]
Progress: Parameterizing module LEDs
Progress: Adding clk_0 [clock_source 18.1]
Progress: Parameterizing module clk_0
Progress: Adding jtag_uart_0 [altera_avalon_jtag_uart 18.1]
Progress: Parameterizing module jtag_uart_0
Progress: Adding nios2_gen2_0 [altera_nios2_gen2 18.1]
Progress: Parameterizing module nios2_gen2_0
Progress: Adding onchip_memory2_0 [altera_avalon_onchip_memory2 18.1]
Progress: Parameterizing module onchip_memory2_0
Progress: Building connections
Progress: Parameterizing connections
Progress: Validating
Progress: Done reading input file
Info: Chenillard_sys.jtag_uart_0: JTAG UART IP input clock need to be at least double (2x) the operating frequency of JTAG TCK on board
Info: Chenillard_sys: Generating Chenillard_sys "Chenillard_sys" for SIM_VHDL
Info: LEDs: Starting RTL generation for module 'Chenillard_sys_LEDs'
Info: LEDs:   Generation command is [exec C:/intelfpga/18.1/quartus/bin64/perl/bin/perl.exe -I C:/intelfpga/18.1/quartus/bin64/perl/lib -I C:/intelfpga/18.1/quartus/sopc_builder/bin/europa -I C:/intelfpga/18.1/quartus/sopc_builder/bin/perl_lib -I C:/intelfpga/18.1/quartus/sopc_builder/bin -I C:/intelfpga/18.1/quartus/../ip/altera/sopc_builder_ip/common -I C:/intelfpga/18.1/quartus/../ip/altera/sopc_builder_ip/altera_avalon_pio -- C:/intelfpga/18.1/quartus/../ip/altera/sopc_builder_ip/altera_avalon_pio/generate_rtl.pl --name=Chenillard_sys_LEDs --dir=C:/Users/ROCHAM~1.UCA/AppData/Local/Temp/alt9737_6978302570641053877.dir/0025_LEDs_gen/ --quartus_dir=C:/intelfpga/18.1/quartus --vhdl --config=C:/Users/ROCHAM~1.UCA/AppData/Local/Temp/alt9737_6978302570641053877.dir/0025_LEDs_gen//Chenillard_sys_LEDs_component_configuration.pl  --do_build_sim=1    --sim_dir=C:/Users/ROCHAM~1.UCA/AppData/Local/Temp/alt9737_6978302570641053877.dir/0025_LEDs_gen/  ]
Info: LEDs: Done RTL generation for module 'Chenillard_sys_LEDs'
Info: LEDs: "Chenillard_sys" instantiated altera_avalon_pio "LEDs"
Info: jtag_uart_0: Starting RTL generation for module 'Chenillard_sys_jtag_uart_0'
Info: jtag_uart_0:   Generation command is [exec C:/intelfpga/18.1/quartus/bin64/perl/bin/perl.exe -I C:/intelfpga/18.1/quartus/bin64/perl/lib -I C:/intelfpga/18.1/quartus/sopc_builder/bin/europa -I C:/intelfpga/18.1/quartus/sopc_builder/bin/perl_lib -I C:/intelfpga/18.1/quartus/sopc_builder/bin -I C:/intelfpga/18.1/quartus/../ip/altera/sopc_builder_ip/common -I C:/intelfpga/18.1/quartus/../ip/altera/sopc_builder_ip/altera_avalon_jtag_uart -- C:/intelfpga/18.1/quartus/../ip/altera/sopc_builder_ip/altera_avalon_jtag_uart/generate_rtl.pl --name=Chenillard_sys_jtag_uart_0 --dir=C:/Users/ROCHAM~1.UCA/AppData/Local/Temp/alt9737_6978302570641053877.dir/0026_jtag_uart_0_gen/ --quartus_dir=C:/intelfpga/18.1/quartus --vhdl --config=C:/Users/ROCHAM~1.UCA/AppData/Local/Temp/alt9737_6978302570641053877.dir/0026_jtag_uart_0_gen//Chenillard_sys_jtag_uart_0_component_configuration.pl  --do_build_sim=1    --sim_dir=C:/Users/ROCHAM~1.UCA/AppData/Local/Temp/alt9737_6978302570641053877.dir/0026_jtag_uart_0_gen/  ]
Info: jtag_uart_0: Done RTL generation for module 'Chenillard_sys_jtag_uart_0'
Info: jtag_uart_0: "Chenillard_sys" instantiated altera_avalon_jtag_uart "jtag_uart_0"
Info: nios2_gen2_0: "Chenillard_sys" instantiated altera_nios2_gen2 "nios2_gen2_0"
Info: onchip_memory2_0: Starting RTL generation for module 'Chenillard_sys_onchip_memory2_0'
Info: onchip_memory2_0:   Generation command is [exec C:/intelfpga/18.1/quartus/bin64/perl/bin/perl.exe -I C:/intelfpga/18.1/quartus/bin64/perl/lib -I C:/intelfpga/18.1/quartus/sopc_builder/bin/europa -I C:/intelfpga/18.1/quartus/sopc_builder/bin/perl_lib -I C:/intelfpga/18.1/quartus/sopc_builder/bin -I C:/intelfpga/18.1/quartus/../ip/altera/sopc_builder_ip/common -I C:/intelfpga/18.1/quartus/../ip/altera/sopc_builder_ip/altera_avalon_onchip_memory2 -- C:/intelfpga/18.1/quartus/../ip/altera/sopc_builder_ip/altera_avalon_onchip_memory2/generate_rtl.pl --name=Chenillard_sys_onchip_memory2_0 --dir=C:/Users/ROCHAM~1.UCA/AppData/Local/Temp/alt9737_6978302570641053877.dir/0027_onchip_memory2_0_gen/ --quartus_dir=C:/intelfpga/18.1/quartus --vhdl --config=C:/Users/ROCHAM~1.UCA/AppData/Local/Temp/alt9737_6978302570641053877.dir/0027_onchip_memory2_0_gen//Chenillard_sys_onchip_memory2_0_component_configuration.pl  --do_build_sim=1    --sim_dir=C:/Users/ROCHAM~1.UCA/AppData/Local/Temp/alt9737_6978302570641053877.dir/0027_onchip_memory2_0_gen/  ]
Info: onchip_memory2_0: Done RTL generation for module 'Chenillard_sys_onchip_memory2_0'
Info: onchip_memory2_0: "Chenillard_sys" instantiated altera_avalon_onchip_memory2 "onchip_memory2_0"
Info: avalon_st_adapter: Inserting error_adapter: error_adapter_0
Info: avalon_st_adapter_001: Inserting error_adapter: error_adapter_0
Info: avalon_st_adapter_002: Inserting error_adapter: error_adapter_0
Info: avalon_st_adapter_003: Inserting error_adapter: error_adapter_0
Info: mm_interconnect_0: "Chenillard_sys" instantiated altera_mm_interconnect "mm_interconnect_0"
Info: irq_mapper: "Chenillard_sys" instantiated altera_irq_mapper "irq_mapper"
Info: rst_controller: "Chenillard_sys" instantiated altera_reset_controller "rst_controller"
Info: cpu: Starting RTL generation for module 'Chenillard_sys_nios2_gen2_0_cpu'
Info: cpu:   Generation command is [exec C:/intelFPGA/18.1/quartus/bin64//eperlcmd.exe -I C:/intelFPGA/18.1/quartus/bin64//perl/lib -I C:/intelfpga/18.1/quartus/sopc_builder/bin/europa -I C:/intelfpga/18.1/quartus/sopc_builder/bin/perl_lib -I C:/intelfpga/18.1/quartus/sopc_builder/bin -I C:/intelfpga/18.1/quartus/../ip/altera/nios2_ip/altera_nios2_gen2/cpu_lib -I C:/intelfpga/18.1/quartus/../ip/altera/nios2_ip/altera_nios2_gen2/nios_lib -I C:/intelfpga/18.1/quartus/../ip/altera/nios2_ip/altera_nios2_gen2 -I C:/intelfpga/18.1/quartus/../ip/altera/nios2_ip/altera_nios2_gen2 -- C:/intelfpga/18.1/quartus/../ip/altera/nios2_ip/altera_nios2_gen2/generate_rtl.epl --name=Chenillard_sys_nios2_gen2_0_cpu --dir=C:/Users/ROCHAM~1.UCA/AppData/Local/Temp/alt9737_6978302570641053877.dir/0030_cpu_gen/ --quartus_bindir=C:/intelFPGA/18.1/quartus/bin64/ --verilog --config=C:/Users/ROCHAM~1.UCA/AppData/Local/Temp/alt9737_6978302570641053877.dir/0030_cpu_gen//Chenillard_sys_nios2_gen2_0_cpu_processor_configuration.pl  --do_build_sim=1    --sim_dir=C:/Users/ROCHAM~1.UCA/AppData/Local/Temp/alt9737_6978302570641053877.dir/0030_cpu_gen/  ]
Info: cpu: # 2024.01.15 09:30:28 (*) Starting Nios II generation
Info: cpu: # 2024.01.15 09:30:28 (*)   Checking for plaintext license.
Info: cpu: # 2024.01.15 09:30:29 (*)   Couldn't query license setup in Quartus directory C:/intelFPGA/18.1/quartus/bin64/
Info: cpu: # 2024.01.15 09:30:29 (*)   Defaulting to contents of LM_LICENSE_FILE environment variable
Info: cpu: # 2024.01.15 09:30:29 (*)   Plaintext license not found.
Info: cpu: # 2024.01.15 09:30:29 (*)   No license required to generate encrypted Nios II/e.
Info: cpu: # 2024.01.15 09:30:29 (*)   Elaborating CPU configuration settings
Info: cpu: # 2024.01.15 09:30:29 (*)   Creating all objects for CPU
Info: cpu: # 2024.01.15 09:30:30 (*)   Creating 'C:/Users/ROCHAM~1.UCA/AppData/Local/Temp/alt9737_6978302570641053877.dir/0030_cpu_gen//Chenillard_sys_nios2_gen2_0_cpu_nios2_waves.do'
Info: cpu: # 2024.01.15 09:30:30 (*)   Generating RTL from CPU objects
Info: cpu: # 2024.01.15 09:30:30 (*)   Creating plain-text RTL
Info: cpu: # 2024.01.15 09:30:31 (*) Done Nios II generation
Info: cpu: Done RTL generation for module 'Chenillard_sys_nios2_gen2_0_cpu'
Info: cpu: "nios2_gen2_0" instantiated altera_nios2_gen2_unit "cpu"
Info: nios2_gen2_0_data_master_translator: "mm_interconnect_0" instantiated altera_merlin_master_translator "nios2_gen2_0_data_master_translator"
Info: jtag_uart_0_avalon_jtag_slave_translator: "mm_interconnect_0" instantiated altera_merlin_slave_translator "jtag_uart_0_avalon_jtag_slave_translator"
Info: nios2_gen2_0_data_master_agent: "mm_interconnect_0" instantiated altera_merlin_master_agent "nios2_gen2_0_data_master_agent"
Info: jtag_uart_0_avalon_jtag_slave_agent: "mm_interconnect_0" instantiated altera_merlin_slave_agent "jtag_uart_0_avalon_jtag_slave_agent"
Info: jtag_uart_0_avalon_jtag_slave_agent_rsp_fifo: "mm_interconnect_0" instantiated altera_avalon_sc_fifo "jtag_uart_0_avalon_jtag_slave_agent_rsp_fifo"
Info: router: "mm_interconnect_0" instantiated altera_merlin_router "router"
Info: router_001: "mm_interconnect_0" instantiated altera_merlin_router "router_001"
Info: router_002: "mm_interconnect_0" instantiated altera_merlin_router "router_002"
Info: router_003: "mm_interconnect_0" instantiated altera_merlin_router "router_003"
Info: cmd_demux: "mm_interconnect_0" instantiated altera_merlin_demultiplexer "cmd_demux"
Info: cmd_demux_001: "mm_interconnect_0" instantiated altera_merlin_demultiplexer "cmd_demux_001"
Info: cmd_mux: "mm_interconnect_0" instantiated altera_merlin_multiplexer "cmd_mux"
Info: cmd_mux_001: "mm_interconnect_0" instantiated altera_merlin_multiplexer "cmd_mux_001"
Info: Reusing file C:/intelFPGA/18.1/CHAMBELLON_Lab1/Chenillard_sys/simulation/submodules/altera_merlin_arbitrator.sv
Info: rsp_demux: "mm_interconnect_0" instantiated altera_merlin_demultiplexer "rsp_demux"
Info: rsp_mux: "mm_interconnect_0" instantiated altera_merlin_multiplexer "rsp_mux"
Info: Reusing file C:/intelFPGA/18.1/CHAMBELLON_Lab1/Chenillard_sys/simulation/submodules/altera_merlin_arbitrator.sv
Info: rsp_mux_001: "mm_interconnect_0" instantiated altera_merlin_multiplexer "rsp_mux_001"
Info: Reusing file C:/intelFPGA/18.1/CHAMBELLON_Lab1/Chenillard_sys/simulation/submodules/altera_merlin_arbitrator.sv
Info: avalon_st_adapter: "mm_interconnect_0" instantiated altera_avalon_st_adapter "avalon_st_adapter"
Info: error_adapter_0: "avalon_st_adapter" instantiated error_adapter "error_adapter_0"
Info: Chenillard_sys: Done "Chenillard_sys" with 27 modules, 46 files
Info: qsys-generate succeeded.
Info: Finished: Create simulation model
Info: Starting: Create Modelsim Project.
Info: sim-script-gen --spd=C:\intelFPGA\18.1\CHAMBELLON_Lab1\Chenillard_sys\Chenillard_sys.spd --output-directory=C:/intelFPGA/18.1/CHAMBELLON_Lab1/Chenillard_sys/simulation/ --use-relative-paths=true
Info: Doing: ip-make-simscript --spd=C:\intelFPGA\18.1\CHAMBELLON_Lab1\Chenillard_sys\Chenillard_sys.spd --output-directory=C:/intelFPGA/18.1/CHAMBELLON_Lab1/Chenillard_sys/simulation/ --use-relative-paths=true
Info: Generating the following file(s) for MODELSIM simulator in C:/intelFPGA/18.1/CHAMBELLON_Lab1/Chenillard_sys/simulation/ directory:
Info: 	mentor/msim_setup.tcl
Info: Skipping VCS script generation since VHDL file $QUARTUS_INSTALL_DIR/eda/sim_lib/altera_syn_attributes.vhd is required for simulation
Info: Generating the following file(s) for VCSMX simulator in C:/intelFPGA/18.1/CHAMBELLON_Lab1/Chenillard_sys/simulation/ directory:
Info: 	synopsys/vcsmx/synopsys_sim.setup
Info: 	synopsys/vcsmx/vcsmx_setup.sh
Info: Generating the following file(s) for NCSIM simulator in C:/intelFPGA/18.1/CHAMBELLON_Lab1/Chenillard_sys/simulation/ directory:
Info: 	cadence/cds.lib
Info: 	cadence/hdl.var
Info: 	cadence/ncsim_setup.sh
Info: 	26 .cds.lib files in cadence/cds_libs/ directory
Info: Generating the following file(s) for RIVIERA simulator in C:/intelFPGA/18.1/CHAMBELLON_Lab1/Chenillard_sys/simulation/ directory:
Info: 	aldec/rivierapro_setup.tcl
Info: For information on how to simulate your IP, see the explanatory comments in the simulator-specific subdirectories under C:/intelFPGA/18.1/CHAMBELLON_Lab1/Chenillard_sys/simulation/.
Info: Regenerate these scripts whenever you make any change to any Quartus-generated IP in your project.
Info: Finished: Create Modelsim Project.
Info: Starting: Create block symbol file (.bsf)
Info: qsys-generate C:\intelFPGA\18.1\CHAMBELLON_Lab1\Chenillard_sys.qsys --block-symbol-file --output-directory=C:\intelFPGA\18.1\CHAMBELLON_Lab1\Chenillard_sys --family="MAX 10" --part=10M50DAF484C7G
Progress: Loading CHAMBELLON_Lab1/Chenillard_sys.qsys
Progress: Reading input file
Progress: Adding LEDs [altera_avalon_pio 18.1]
Progress: Parameterizing module LEDs
Progress: Adding clk_0 [clock_source 18.1]
Progress: Parameterizing module clk_0
Progress: Adding jtag_uart_0 [altera_avalon_jtag_uart 18.1]
Progress: Parameterizing module jtag_uart_0
Progress: Adding nios2_gen2_0 [altera_nios2_gen2 18.1]
Progress: Parameterizing module nios2_gen2_0
Progress: Adding onchip_memory2_0 [altera_avalon_onchip_memory2 18.1]
Progress: Parameterizing module onchip_memory2_0
Progress: Building connections
Progress: Parameterizing connections
Progress: Validating
Progress: Done reading input file
Info: Chenillard_sys.jtag_uart_0: JTAG UART IP input clock need to be at least double (2x) the operating frequency of JTAG TCK on board
Info: qsys-generate succeeded.
Info: Finished: Create block symbol file (.bsf)
Info: 
Info: Starting: Create HDL design files for synthesis
Info: qsys-generate C:\intelFPGA\18.1\CHAMBELLON_Lab1\Chenillard_sys.qsys --synthesis=VHDL --output-directory=C:\intelFPGA\18.1\CHAMBELLON_Lab1\Chenillard_sys\synthesis --family="MAX 10" --part=10M50DAF484C7G
Progress: Loading CHAMBELLON_Lab1/Chenillard_sys.qsys
Progress: Reading input file
Progress: Adding LEDs [altera_avalon_pio 18.1]
Progress: Parameterizing module LEDs
Progress: Adding clk_0 [clock_source 18.1]
Progress: Parameterizing module clk_0
Progress: Adding jtag_uart_0 [altera_avalon_jtag_uart 18.1]
Progress: Parameterizing module jtag_uart_0
Progress: Adding nios2_gen2_0 [altera_nios2_gen2 18.1]
Progress: Parameterizing module nios2_gen2_0
Progress: Adding onchip_memory2_0 [altera_avalon_onchip_memory2 18.1]
Progress: Parameterizing module onchip_memory2_0
Progress: Building connections
Progress: Parameterizing connections
Progress: Validating
Progress: Done reading input file
Info: Chenillard_sys.jtag_uart_0: JTAG UART IP input clock need to be at least double (2x) the operating frequency of JTAG TCK on board
Info: Chenillard_sys: Generating Chenillard_sys "Chenillard_sys" for QUARTUS_SYNTH
Info: LEDs: Starting RTL generation for module 'Chenillard_sys_LEDs'
Info: LEDs:   Generation command is [exec C:/intelfpga/18.1/quartus/bin64/perl/bin/perl.exe -I C:/intelfpga/18.1/quartus/bin64/perl/lib -I C:/intelfpga/18.1/quartus/sopc_builder/bin/europa -I C:/intelfpga/18.1/quartus/sopc_builder/bin/perl_lib -I C:/intelfpga/18.1/quartus/sopc_builder/bin -I C:/intelfpga/18.1/quartus/../ip/altera/sopc_builder_ip/common -I C:/intelfpga/18.1/quartus/../ip/altera/sopc_builder_ip/altera_avalon_pio -- C:/intelfpga/18.1/quartus/../ip/altera/sopc_builder_ip/altera_avalon_pio/generate_rtl.pl --name=Chenillard_sys_LEDs --dir=C:/Users/ROCHAM~1.UCA/AppData/Local/Temp/alt9737_6978302570641053877.dir/0049_LEDs_gen/ --quartus_dir=C:/intelfpga/18.1/quartus --verilog --config=C:/Users/ROCHAM~1.UCA/AppData/Local/Temp/alt9737_6978302570641053877.dir/0049_LEDs_gen//Chenillard_sys_LEDs_component_configuration.pl  --do_build_sim=0  ]
Info: LEDs: Done RTL generation for module 'Chenillard_sys_LEDs'
Info: LEDs: "Chenillard_sys" instantiated altera_avalon_pio "LEDs"
Info: jtag_uart_0: Starting RTL generation for module 'Chenillard_sys_jtag_uart_0'
Info: jtag_uart_0:   Generation command is [exec C:/intelfpga/18.1/quartus/bin64/perl/bin/perl.exe -I C:/intelfpga/18.1/quartus/bin64/perl/lib -I C:/intelfpga/18.1/quartus/sopc_builder/bin/europa -I C:/intelfpga/18.1/quartus/sopc_builder/bin/perl_lib -I C:/intelfpga/18.1/quartus/sopc_builder/bin -I C:/intelfpga/18.1/quartus/../ip/altera/sopc_builder_ip/common -I C:/intelfpga/18.1/quartus/../ip/altera/sopc_builder_ip/altera_avalon_jtag_uart -- C:/intelfpga/18.1/quartus/../ip/altera/sopc_builder_ip/altera_avalon_jtag_uart/generate_rtl.pl --name=Chenillard_sys_jtag_uart_0 --dir=C:/Users/ROCHAM~1.UCA/AppData/Local/Temp/alt9737_6978302570641053877.dir/0050_jtag_uart_0_gen/ --quartus_dir=C:/intelfpga/18.1/quartus --verilog --config=C:/Users/ROCHAM~1.UCA/AppData/Local/Temp/alt9737_6978302570641053877.dir/0050_jtag_uart_0_gen//Chenillard_sys_jtag_uart_0_component_configuration.pl  --do_build_sim=0  ]
Info: jtag_uart_0: Done RTL generation for module 'Chenillard_sys_jtag_uart_0'
Info: jtag_uart_0: "Chenillard_sys" instantiated altera_avalon_jtag_uart "jtag_uart_0"
Info: nios2_gen2_0: "Chenillard_sys" instantiated altera_nios2_gen2 "nios2_gen2_0"
Info: onchip_memory2_0: Starting RTL generation for module 'Chenillard_sys_onchip_memory2_0'
Info: onchip_memory2_0:   Generation command is [exec C:/intelfpga/18.1/quartus/bin64/perl/bin/perl.exe -I C:/intelfpga/18.1/quartus/bin64/perl/lib -I C:/intelfpga/18.1/quartus/sopc_builder/bin/europa -I C:/intelfpga/18.1/quartus/sopc_builder/bin/perl_lib -I C:/intelfpga/18.1/quartus/sopc_builder/bin -I C:/intelfpga/18.1/quartus/../ip/altera/sopc_builder_ip/common -I C:/intelfpga/18.1/quartus/../ip/altera/sopc_builder_ip/altera_avalon_onchip_memory2 -- C:/intelfpga/18.1/quartus/../ip/altera/sopc_builder_ip/altera_avalon_onchip_memory2/generate_rtl.pl --name=Chenillard_sys_onchip_memory2_0 --dir=C:/Users/ROCHAM~1.UCA/AppData/Local/Temp/alt9737_6978302570641053877.dir/0051_onchip_memory2_0_gen/ --quartus_dir=C:/intelfpga/18.1/quartus --verilog --config=C:/Users/ROCHAM~1.UCA/AppData/Local/Temp/alt9737_6978302570641053877.dir/0051_onchip_memory2_0_gen//Chenillard_sys_onchip_memory2_0_component_configuration.pl  --do_build_sim=0  ]
Info: onchip_memory2_0: Done RTL generation for module 'Chenillard_sys_onchip_memory2_0'
Info: onchip_memory2_0: "Chenillard_sys" instantiated altera_avalon_onchip_memory2 "onchip_memory2_0"
Info: avalon_st_adapter: Inserting error_adapter: error_adapter_0
Info: avalon_st_adapter_001: Inserting error_adapter: error_adapter_0
Info: avalon_st_adapter_002: Inserting error_adapter: error_adapter_0
Info: avalon_st_adapter_003: Inserting error_adapter: error_adapter_0
Info: mm_interconnect_0: "Chenillard_sys" instantiated altera_mm_interconnect "mm_interconnect_0"
Info: irq_mapper: "Chenillard_sys" instantiated altera_irq_mapper "irq_mapper"
Info: rst_controller: "Chenillard_sys" instantiated altera_reset_controller "rst_controller"
Info: cpu: Starting RTL generation for module 'Chenillard_sys_nios2_gen2_0_cpu'
Info: cpu:   Generation command is [exec C:/intelFPGA/18.1/quartus/bin64//eperlcmd.exe -I C:/intelFPGA/18.1/quartus/bin64//perl/lib -I C:/intelfpga/18.1/quartus/sopc_builder/bin/europa -I C:/intelfpga/18.1/quartus/sopc_builder/bin/perl_lib -I C:/intelfpga/18.1/quartus/sopc_builder/bin -I C:/intelfpga/18.1/quartus/../ip/altera/nios2_ip/altera_nios2_gen2/cpu_lib -I C:/intelfpga/18.1/quartus/../ip/altera/nios2_ip/altera_nios2_gen2/nios_lib -I C:/intelfpga/18.1/quartus/../ip/altera/nios2_ip/altera_nios2_gen2 -I C:/intelfpga/18.1/quartus/../ip/altera/nios2_ip/altera_nios2_gen2 -- C:/intelfpga/18.1/quartus/../ip/altera/nios2_ip/altera_nios2_gen2/generate_rtl.epl --name=Chenillard_sys_nios2_gen2_0_cpu --dir=C:/Users/ROCHAM~1.UCA/AppData/Local/Temp/alt9737_6978302570641053877.dir/0054_cpu_gen/ --quartus_bindir=C:/intelFPGA/18.1/quartus/bin64/ --verilog --config=C:/Users/ROCHAM~1.UCA/AppData/Local/Temp/alt9737_6978302570641053877.dir/0054_cpu_gen//Chenillard_sys_nios2_gen2_0_cpu_processor_configuration.pl  --do_build_sim=0  ]
Info: cpu: # 2024.01.15 09:30:47 (*) Starting Nios II generation
Info: cpu: # 2024.01.15 09:30:47 (*)   Checking for plaintext license.
Info: cpu: # 2024.01.15 09:30:49 (*)   Couldn't query license setup in Quartus directory C:/intelFPGA/18.1/quartus/bin64/
Info: cpu: # 2024.01.15 09:30:49 (*)   Defaulting to contents of LM_LICENSE_FILE environment variable
Info: cpu: # 2024.01.15 09:30:49 (*)   Plaintext license not found.
Info: cpu: # 2024.01.15 09:30:49 (*)   No license required to generate encrypted Nios II/e.
Info: cpu: # 2024.01.15 09:30:49 (*)   Elaborating CPU configuration settings
Info: cpu: # 2024.01.15 09:30:49 (*)   Creating all objects for CPU
Info: cpu: # 2024.01.15 09:30:50 (*)   Generating RTL from CPU objects
Info: cpu: # 2024.01.15 09:30:50 (*)   Creating plain-text RTL
Info: cpu: # 2024.01.15 09:30:50 (*) Done Nios II generation
Info: cpu: Done RTL generation for module 'Chenillard_sys_nios2_gen2_0_cpu'
Info: cpu: "nios2_gen2_0" instantiated altera_nios2_gen2_unit "cpu"
Info: nios2_gen2_0_data_master_translator: "mm_interconnect_0" instantiated altera_merlin_master_translator "nios2_gen2_0_data_master_translator"
Info: jtag_uart_0_avalon_jtag_slave_translator: "mm_interconnect_0" instantiated altera_merlin_slave_translator "jtag_uart_0_avalon_jtag_slave_translator"
Info: nios2_gen2_0_data_master_agent: "mm_interconnect_0" instantiated altera_merlin_master_agent "nios2_gen2_0_data_master_agent"
Info: jtag_uart_0_avalon_jtag_slave_agent: "mm_interconnect_0" instantiated altera_merlin_slave_agent "jtag_uart_0_avalon_jtag_slave_agent"
Info: jtag_uart_0_avalon_jtag_slave_agent_rsp_fifo: "mm_interconnect_0" instantiated altera_avalon_sc_fifo "jtag_uart_0_avalon_jtag_slave_agent_rsp_fifo"
Info: router: "mm_interconnect_0" instantiated altera_merlin_router "router"
Info: router_001: "mm_interconnect_0" instantiated altera_merlin_router "router_001"
Info: router_002: "mm_interconnect_0" instantiated altera_merlin_router "router_002"
Info: router_003: "mm_interconnect_0" instantiated altera_merlin_router "router_003"
Info: cmd_demux: "mm_interconnect_0" instantiated altera_merlin_demultiplexer "cmd_demux"
Info: cmd_demux_001: "mm_interconnect_0" instantiated altera_merlin_demultiplexer "cmd_demux_001"
Info: cmd_mux: "mm_interconnect_0" instantiated altera_merlin_multiplexer "cmd_mux"
Info: cmd_mux_001: "mm_interconnect_0" instantiated altera_merlin_multiplexer "cmd_mux_001"
Info: Reusing file C:/intelFPGA/18.1/CHAMBELLON_Lab1/Chenillard_sys/synthesis/submodules/altera_merlin_arbitrator.sv
Info: rsp_demux: "mm_interconnect_0" instantiated altera_merlin_demultiplexer "rsp_demux"
Info: rsp_mux: "mm_interconnect_0" instantiated altera_merlin_multiplexer "rsp_mux"
Info: Reusing file C:/intelFPGA/18.1/CHAMBELLON_Lab1/Chenillard_sys/synthesis/submodules/altera_merlin_arbitrator.sv
Info: rsp_mux_001: "mm_interconnect_0" instantiated altera_merlin_multiplexer "rsp_mux_001"
Info: Reusing file C:/intelFPGA/18.1/CHAMBELLON_Lab1/Chenillard_sys/synthesis/submodules/altera_merlin_arbitrator.sv
Info: avalon_st_adapter: "mm_interconnect_0" instantiated altera_avalon_st_adapter "avalon_st_adapter"
Info: error_adapter_0: "avalon_st_adapter" instantiated error_adapter "error_adapter_0"
Info: Chenillard_sys: Done "Chenillard_sys" with 27 modules, 39 files
Info: qsys-generate succeeded.
Info: Finished: Create HDL design files for synthesis
